<?xml version="1.0" encoding="UTF-8"?>
<!-- Generated by org.testng.reporters.JUnitReportReporter -->
<testsuite hostname="DESKTOP-EF30T9L" failures="0" tests="1" name="cl.oneapp.pom.test.TestLogin" time="10.489" errors="0" timestamp="2020-12-28T23:52:17 CLST" skipped="0">
  <testcase classname="cl.oneapp.pom.test.TestLogin" name="Test_1_ingresoUsuarios" time="10.489"/>
  <system-out/>
</testsuite> <!-- cl.oneapp.pom.test.TestLogin -->
